<?xml version="1.0" encoding="UTF-8"?>
<!-- Generated by org.testng.reporters.JUnitXMLReporter -->
<testsuite ignored="0" hostname="Gauravs-MacBook-Air-V.local" failures="2" tests="3" name="Surefire test" time="34.021" errors="0" timestamp="2025-06-02T23:14:29 AEST">
  <testcase classname="com.tonic.healthCheckTestngTests.web.LoginTest" name="loginWithValidCredentials" time="4.581"/>
  <testcase classname="com.tonic.healthCheckTestngTests.web.LoginTest" name="navigateToTerminalsPage" time="4.355">
    <failure type="java.lang.AssertionError" message="expected [true] but found [false]">
      <![CDATA[java.lang.AssertionError: expected [true] but found [false]
at com.tonic.healthCheckTestngTests.web.LoginTest.navigateToTerminalsPage(LoginTest.java:80)
at java.base/java.util.ArrayList.forEach(ArrayList.java:1597)
... Removed 34 stack frames]]>
    </failure>
  </testcase> <!-- navigateToTerminalsPage -->
  <testcase classname="com.tonic.healthCheckTestngTests.web.LoginTest" name="openAddTerminalDialog" time="7.487">
    <failure type="java.lang.AssertionError" message="expected [true] but found [false]">
      <![CDATA[java.lang.AssertionError: expected [true] but found [false]
at com.tonic.healthCheckTestngTests.web.LoginTest.openAddTerminalDialog(LoginTest.java:110)
at java.base/java.util.ArrayList.forEach(ArrayList.java:1597)
... Removed 34 stack frames]]>
    </failure>
  </testcase> <!-- openAddTerminalDialog -->
</testsuite> <!-- Surefire test -->
